9/18/2023 8:47:59 PM
Creating a NMath log file at D:\Quoc\Learn\Capstone-Coursework-PhaseField-IGA-Polycarbonate\PhaseField-IGA-Polycarbonate\PhaseField-IGA-Polycarbonate\bin\Debug\NMathPackage\NMathConfiguration.log.


CenterSpace NMath Software Version: 7.1.0.47


Initializing configuration...


64 bit OS? True
64 bit process? True
LAPACK library: nmath_native_x64.dll
Setting property defaults...
Setting property: LogFilename=NMathConfiguration.log
Setting property: LogVerbose=False
Setting property: LicenseKey=


Updating process-specific path...
Prepending location to path: D:\Quoc\Learn\Capstone-Coursework-PhaseField-IGA-Polycarbonate\PhaseField-IGA-Polycarbonate\PhaseField-IGA-Polycarbonate\bin\Debug
PATH=D:\Quoc\Learn\Capstone-Coursework-PhaseField-IGA-Polycarbonate\PhaseField-IGA-Polycarbonate\PhaseField-IGA-Polycarbonate\bin\Debug;C:\WINDOWS\system32;C:\WINDOWS;C:\WINDOWS\System32\Wbem;C:\WINDOWS\System32\WindowsPowerShell\v1.0\;C:\WINDOWS\System32\OpenSSH\;C:\Program Files\Git\cmd;C:\Program Files\dotnet\;C:\Program Files\Git LFS;C:\Users\soloh\AppData\Local\Microsoft\WindowsApps;C:\Users\soloh\AppData\Local\Programs\Microsoft VS Code\bin;C:\Users\soloh\.dotnet\tools


Updating properties from environment variables...
Checking environment variable NMATH_LOG_FILENAME...
Checking environment variable NMATH_LOG_LOCATION...
Checking environment variable NMATH_LOG_VERBOSE...
Checking environment variable NMATH_LICENSE_KEY...
Checking environment variable NMATH_NATIVE_LOCATION...
Checking environment variable NMATH_REPRODUCIBILITY...
Checking environment variable NMATH_MKL_NUM_THREADS...


Updating properties from DLL config...
DLL location = D:\Quoc\Learn\Capstone-Coursework-PhaseField-IGA-Polycarbonate\PhaseField-IGA-Polycarbonate\PhaseField-IGA-Polycarbonate\bin\Debug\NMath.DLL
Checking config setting NMathLogFilename...
Checking config setting NMathLogLocation...
Checking config setting NMathLogVerbose...
Checking config setting NMathLicenseKey...
Checking config setting NMathNativeLocation...
Checking config setting NMathReproducibility...
Checking config setting NMathMKLNumThreads...


Updating properties from app config...
Checking config setting NMathLogFilename...
Checking config setting NMathLogLocation...
Checking config setting NMathLogVerbose...
Checking config setting NMathLicenseKey...
Checking config setting NMathNativeLocation...
Checking config setting NMathReproducibility...
Checking config setting NMathMKLNumThreads...


Initialization complete.


************************************************************************


Setting property: NativeLocation=D:\Quoc\Learn\Capstone-Coursework-PhaseField-IGA-Polycarbonate\PhaseField-IGA-Polycarbonate\PhaseField-IGA-Polycarbonate\bin\Debug\NMathPackage
native location to add to PATH: D:\Quoc\Learn\Capstone-Coursework-PhaseField-IGA-Polycarbonate\PhaseField-IGA-Polycarbonate\PhaseField-IGA-Polycarbonate\bin\Debug\NMathPackage
native location to add to PATH: D:\Quoc\Learn\Capstone-Coursework-PhaseField-IGA-Polycarbonate\PhaseField-IGA-Polycarbonate\PhaseField-IGA-Polycarbonate\bin\Debug\NMathPackage\x64
PATH = D:\Quoc\Learn\Capstone-Coursework-PhaseField-IGA-Polycarbonate\PhaseField-IGA-Polycarbonate\PhaseField-IGA-Polycarbonate\bin\Debug\NMathPackage\x64;D:\Quoc\Learn\Capstone-Coursework-PhaseField-IGA-Polycarbonate\PhaseField-IGA-Polycarbonate\PhaseField-IGA-Polycarbonate\bin\Debug\NMathPackage;D:\Quoc\Learn\Capstone-Coursework-PhaseField-IGA-Polycarbonate\PhaseField-IGA-Polycarbonate\PhaseField-IGA-Polycarbonate\bin\Debug;C:\WINDOWS\system32;C:\WINDOWS;C:\WINDOWS\System32\Wbem;C:\WINDOWS\System32\WindowsPowerShell\v1.0\;C:\WINDOWS\System32\OpenSSH\;C:\Program Files\Git\cmd;C:\Program Files\dotnet\;C:\Program Files\Git LFS;C:\Users\soloh\AppData\Local\Microsoft\WindowsApps;C:\Users\soloh\AppData\Local\Programs\Microsoft VS Code\bin;C:\Users\soloh\.dotnet\tools
Setting property: LogLocation=D:\Quoc\Learn\Capstone-Coursework-PhaseField-IGA-Polycarbonate\PhaseField-IGA-Polycarbonate\PhaseField-IGA-Polycarbonate\bin\Debug\NMathPackage

Setting property: LicenseKey=2DB1884705605CA


License key: 2DB1884705605CA
Good key
